<?xml version="1.0" encoding="UTF-8"?>
<!-- Generated by org.testng.reporters.JUnitReportReporter -->
<testsuite hostname="DESKTOP-OFSQJKE" name="testScript.CallLogLookerReport" tests="2" failures="0" timestamp="6 Mar 2021 10:57:53 GMT" time="231.383" errors="0">
  <testcase name="test1" time="227.252" classname="testScript.CallLogLookerReport"/>
  <testcase name="CFAlogin" time="4.131" classname="testScript.CallLogLookerReport"/>
</testsuite> <!-- testScript.CallLogLookerReport -->
