<?xml version="1.0" encoding="UTF-8"?>
<!-- Generated by org.testng.reporters.JUnitReportReporter -->
<testsuite skipped="0" hostname="LAPTOP-OF0U061G" name="testScript.CallLogLookerReport" tests="2" failures="0" timestamp="2021-03-06T19:50:40 IST" time="76.601" errors="0">
  <testcase name="test1" time="71.339" classname="testScript.CallLogLookerReport"/>
  <system-out/>
  <testcase name="CFAlogin" time="5.262" classname="testScript.CallLogLookerReport"/>
  <system-out/>
</testsuite> <!-- testScript.CallLogLookerReport -->
